0 verbose cli C:\Program Files\nodejs\node.exe C:\Program Files\nodejs\node_modules\npm\bin\npm-cli.js
1 info using npm@10.9.2
2 info using node@v22.14.0
3 silly config load:file:C:\Program Files\nodejs\node_modules\npm\npmrc
4 silly config load:file:D:\ok practice stage 4\.npmrc
5 silly config load:file:C:\Users\sugre\.npmrc
6 silly config load:file:D:\ok practice stage 4\%APPDATA%\npm\etc\npmrc
7 verbose title npm install nodemailer
8 verbose argv "install" "nodemailer"
9 verbose logfile logs-max:10 dir:D:\ok practice stage 4\%APPDATA%\npm-cache\_logs\2025-04-29T11_31_04_857Z-
10 verbose logfile D:\ok practice stage 4\%APPDATA%\npm-cache\_logs\2025-04-29T11_31_04_857Z-debug-0.log
11 silly logfile start cleaning logs, removing 1 files
12 silly packumentCache heap:2197815296 maxSize:549453824 maxEntrySize:274726912
13 silly logfile done cleaning log files
14 silly idealTree buildDeps
15 silly fetch manifest nodemailer@latest
16 silly packumentCache full:https://registry.npmjs.org/nodemailer cache-miss
17 http fetch GET 200 https://registry.npmjs.org/nodemailer 5471ms (cache miss)
18 silly packumentCache full:https://registry.npmjs.org/nodemailer set size:undefined disposed:false
19 silly placeDep ROOT nodemailer@6.10.1 REPLACE for: my-v0-project@0.1.0 want: latest
20 silly reify moves {}
21 silly audit bulk request {
21 silly audit   '@alloc/quick-lru': [ '5.2.0' ],
21 silly audit   '@babel/runtime': [ '7.27.0' ],
21 silly audit   '@emnapi/runtime': [ '1.4.3' ],
21 silly audit   '@esbuild/aix-ppc64': [ '0.25.2' ],
21 silly audit   '@esbuild/android-arm': [ '0.25.2' ],
21 silly audit   '@esbuild/android-arm64': [ '0.25.2' ],
21 silly audit   '@esbuild/android-x64': [ '0.25.2' ],
21 silly audit   '@esbuild/darwin-arm64': [ '0.25.2' ],
21 silly audit   '@esbuild/darwin-x64': [ '0.25.2' ],
21 silly audit   '@esbuild/freebsd-arm64': [ '0.25.2' ],
21 silly audit   '@esbuild/freebsd-x64': [ '0.25.2' ],
21 silly audit   '@esbuild/linux-arm': [ '0.25.2' ],
21 silly audit   '@esbuild/linux-arm64': [ '0.25.2' ],
21 silly audit   '@esbuild/linux-ia32': [ '0.25.2' ],
21 silly audit   '@esbuild/linux-loong64': [ '0.25.2' ],
21 silly audit   '@esbuild/linux-mips64el': [ '0.25.2' ],
21 silly audit   '@esbuild/linux-ppc64': [ '0.25.2' ],
21 silly audit   '@esbuild/linux-riscv64': [ '0.25.2' ],
21 silly audit   '@esbuild/linux-s390x': [ '0.25.2' ],
21 silly audit   '@esbuild/linux-x64': [ '0.25.2' ],
21 silly audit   '@esbuild/netbsd-arm64': [ '0.25.2' ],
21 silly audit   '@esbuild/netbsd-x64': [ '0.25.2' ],
21 silly audit   '@esbuild/openbsd-arm64': [ '0.25.2' ],
21 silly audit   '@esbuild/openbsd-x64': [ '0.25.2' ],
21 silly audit   '@esbuild/sunos-x64': [ '0.25.2' ],
21 silly audit   '@esbuild/win32-arm64': [ '0.25.2' ],
21 silly audit   '@esbuild/win32-ia32': [ '0.25.2' ],
21 silly audit   '@esbuild/win32-x64': [ '0.25.2' ],
21 silly audit   '@floating-ui/core': [ '1.6.9' ],
21 silly audit   '@floating-ui/dom': [ '1.6.13' ],
21 silly audit   '@floating-ui/react-dom': [ '2.1.2' ],
21 silly audit   '@floating-ui/utils': [ '0.2.9' ],
21 silly audit   '@hookform/resolvers': [ '3.10.0' ],
21 silly audit   '@img/sharp-darwin-arm64': [ '0.33.5' ],
21 silly audit   '@img/sharp-darwin-x64': [ '0.33.5' ],
21 silly audit   '@img/sharp-libvips-darwin-arm64': [ '1.0.4' ],
21 silly audit   '@img/sharp-libvips-darwin-x64': [ '1.0.4' ],
21 silly audit   '@img/sharp-libvips-linux-arm': [ '1.0.5' ],
21 silly audit   '@img/sharp-libvips-linux-arm64': [ '1.0.4' ],
21 silly audit   '@img/sharp-libvips-linux-s390x': [ '1.0.4' ],
21 silly audit   '@img/sharp-libvips-linux-x64': [ '1.0.4' ],
21 silly audit   '@img/sharp-libvips-linuxmusl-arm64': [ '1.0.4' ],
21 silly audit   '@img/sharp-libvips-linuxmusl-x64': [ '1.0.4' ],
21 silly audit   '@img/sharp-linux-arm': [ '0.33.5' ],
21 silly audit   '@img/sharp-linux-arm64': [ '0.33.5' ],
21 silly audit   '@img/sharp-linux-s390x': [ '0.33.5' ],
21 silly audit   '@img/sharp-linux-x64': [ '0.33.5' ],
21 silly audit   '@img/sharp-linuxmusl-arm64': [ '0.33.5' ],
21 silly audit   '@img/sharp-linuxmusl-x64': [ '0.33.5' ],
21 silly audit   '@img/sharp-wasm32': [ '0.33.5' ],
21 silly audit   '@img/sharp-win32-ia32': [ '0.33.5' ],
21 silly audit   '@img/sharp-win32-x64': [ '0.33.5' ],
21 silly audit   '@isaacs/cliui': [ '8.0.2' ],
21 silly audit   '@jridgewell/gen-mapping': [ '0.3.8' ],
21 silly audit   '@jridgewell/resolve-uri': [ '3.1.2' ],
21 silly audit   '@jridgewell/set-array': [ '1.2.1' ],
21 silly audit   '@jridgewell/sourcemap-codec': [ '1.5.0' ],
21 silly audit   '@jridgewell/trace-mapping': [ '0.3.25' ],
21 silly audit   '@next/env': [ '15.2.4' ],
21 silly audit   '@next/swc-darwin-arm64': [ '15.2.4' ],
21 silly audit   '@next/swc-darwin-x64': [ '15.2.4' ],
21 silly audit   '@next/swc-linux-arm64-gnu': [ '15.2.4' ],
21 silly audit   '@next/swc-linux-arm64-musl': [ '15.2.4' ],
21 silly audit   '@next/swc-linux-x64-gnu': [ '15.2.4' ],
21 silly audit   '@next/swc-linux-x64-musl': [ '15.2.4' ],
21 silly audit   '@next/swc-win32-arm64-msvc': [ '15.2.4' ],
21 silly audit   '@next/swc-win32-x64-msvc': [ '15.2.4' ],
21 silly audit   '@nodelib/fs.scandir': [ '2.1.5' ],
21 silly audit   '@nodelib/fs.stat': [ '2.0.5' ],
21 silly audit   '@nodelib/fs.walk': [ '1.2.8' ],
21 silly audit   '@pkgjs/parseargs': [ '0.11.0' ],
21 silly audit   '@prisma/client': [ '6.6.0' ],
21 silly audit   '@prisma/config': [ '6.6.0' ],
21 silly audit   '@prisma/debug': [ '6.6.0' ],
21 silly audit   '@prisma/engines': [ '6.6.0' ],
21 silly audit   '@prisma/engines-version': [ '6.6.0-53.f676762280b54cd07c770017ed3711ddde35f37a' ],
21 silly audit   '@prisma/fetch-engine': [ '6.6.0' ],
21 silly audit   '@prisma/get-platform': [ '6.6.0' ],
21 silly audit   '@radix-ui/number': [ '1.1.1' ],
21 silly audit   '@radix-ui/primitive': [ '1.1.2' ],
21 silly audit   '@radix-ui/react-accordion': [ '1.2.7' ],
21 silly audit   '@radix-ui/react-collapsible': [ '1.1.7', '1.1.8' ],
21 silly audit   '@radix-ui/react-alert-dialog': [ '1.1.10' ],
21 silly audit   '@radix-ui/react-dialog': [ '1.1.10', '1.1.11' ],
21 silly audit   '@radix-ui/react-arrow': [ '1.1.4' ],
21 silly audit   '@radix-ui/react-aspect-ratio': [ '1.1.4' ],
21 silly audit   '@radix-ui/react-avatar': [ '1.1.6' ],
21 silly audit   '@radix-ui/react-checkbox': [ '1.2.2' ],
21 silly audit   '@radix-ui/react-presence': [ '1.1.4', '1.1.3' ],
21 silly audit   '@radix-ui/react-collection': [ '1.1.4' ],
21 silly audit   '@radix-ui/react-compose-refs': [ '1.1.2' ],
21 silly audit   '@radix-ui/react-context': [ '1.1.2' ],
21 silly audit   '@radix-ui/react-context-menu': [ '2.2.11' ],
21 silly audit   '@radix-ui/react-direction': [ '1.1.1' ],
21 silly audit   '@radix-ui/react-dismissable-layer': [ '1.1.7' ],
21 silly audit   '@radix-ui/react-dropdown-menu': [ '2.1.11' ],
21 silly audit   '@radix-ui/react-focus-guards': [ '1.1.2' ],
21 silly audit   '@radix-ui/react-focus-scope': [ '1.1.4' ],
21 silly audit   '@radix-ui/react-hover-card': [ '1.1.10' ],
21 silly audit   '@radix-ui/react-id': [ '1.1.1' ],
21 silly audit   '@radix-ui/react-label': [ '2.1.4' ],
21 silly audit   '@radix-ui/react-menu': [ '2.1.11' ],
21 silly audit   '@radix-ui/react-menubar': [ '1.1.11' ],
21 silly audit   '@radix-ui/react-navigation-menu': [ '1.2.9' ],
21 silly audit   '@radix-ui/react-popover': [ '1.1.10' ],
21 silly audit   '@radix-ui/react-popper': [ '1.2.4' ],
21 silly audit   '@radix-ui/react-portal': [ '1.1.6' ],
21 silly audit   '@radix-ui/react-primitive': [ '2.1.0' ],
21 silly audit   '@radix-ui/react-progress': [ '1.1.4' ],
21 silly audit   '@radix-ui/react-radio-group': [ '1.3.3' ],
21 silly audit   '@radix-ui/react-roving-focus': [ '1.1.7' ],
21 silly audit   '@radix-ui/react-scroll-area': [ '1.2.5' ],
21 silly audit   '@radix-ui/react-select': [ '2.2.2' ],
21 silly audit   '@radix-ui/react-separator': [ '1.1.4' ],
21 silly audit   '@radix-ui/react-slider': [ '1.3.2' ],
21 silly audit   '@radix-ui/react-slot': [ '1.2.0' ],
21 silly audit   '@radix-ui/react-switch': [ '1.2.2' ],
21 silly audit   '@radix-ui/react-tabs': [ '1.1.8' ],
21 silly audit   '@radix-ui/react-toast': [ '1.2.10' ],
21 silly audit   '@radix-ui/react-toggle': [ '1.1.6' ],
21 silly audit   '@radix-ui/react-toggle-group': [ '1.1.7' ],
21 silly audit   '@radix-ui/react-tooltip': [ '1.2.3' ],
21 silly audit   '@radix-ui/react-use-callback-ref': [ '1.1.1' ],
21 silly audit   '@radix-ui/react-use-controllable-state': [ '1.2.2' ],
21 silly audit   '@radix-ui/react-use-effect-event': [ '0.0.2' ],
21 silly audit   '@radix-ui/react-use-escape-keydown': [ '1.1.1' ],
21 silly audit   '@radix-ui/react-use-is-hydrated': [ '0.0.0' ],
21 silly audit   '@radix-ui/react-use-layout-effect': [ '1.1.1' ],
21 silly audit   '@radix-ui/react-use-previous': [ '1.1.1' ],
21 silly audit   '@radix-ui/react-use-rect': [ '1.1.1' ],
21 silly audit   '@radix-ui/react-use-size': [ '1.1.1' ],
21 silly audit   '@radix-ui/react-visually-hidden': [ '1.2.0' ],
21 silly audit   '@radix-ui/rect': [ '1.1.1' ],
21 silly audit   '@swc/counter': [ '0.1.3' ],
21 silly audit   '@swc/helpers': [ '0.5.15' ],
21 silly audit   '@types/d3-array': [ '3.2.1' ],
21 silly audit   '@types/d3-color': [ '3.1.3' ],
21 silly audit   '@types/d3-ease': [ '3.0.2' ],
21 silly audit   '@types/d3-interpolate': [ '3.0.4' ],
21 silly audit   '@types/d3-path': [ '3.1.1' ],
21 silly audit   '@types/d3-scale': [ '4.0.9' ],
21 silly audit   '@types/d3-shape': [ '3.1.7' ],
21 silly audit   '@types/d3-time': [ '3.0.4' ],
21 silly audit   '@types/d3-timer': [ '3.0.2' ],
21 silly audit   '@types/jsonwebtoken': [ '9.0.9' ],
21 silly audit   '@types/ms': [ '2.1.0' ],
21 silly audit   '@types/node': [ '22.14.1' ],
21 silly audit   '@types/nodemailer': [ '6.4.17' ],
21 silly audit   '@types/react': [ '19.1.2' ],
21 silly audit   '@types/react-dom': [ '19.1.2' ],
21 silly audit   'agent-base': [ '6.0.2' ],
21 silly audit   'ansi-regex': [ '6.1.0', '5.0.1' ],
21 silly audit   'ansi-styles': [ '6.2.1', '4.3.0' ],
21 silly audit   'any-promise': [ '1.3.0' ],
21 silly audit   anymatch: [ '3.1.3' ],
21 silly audit   arg: [ '5.0.2' ],
21 silly audit   'aria-hidden': [ '1.2.4' ],
21 silly audit   asynckit: [ '0.4.0' ],
21 silly audit   autoprefixer: [ '10.4.21' ],
21 silly audit   axios: [ '1.8.4' ],
21 silly audit   'balanced-match': [ '1.0.2' ],
21 silly audit   bcryptjs: [ '3.0.2' ],
21 silly audit   'binary-extensions': [ '2.3.0' ],
21 silly audit   'brace-expansion': [ '2.0.1' ],
21 silly audit   braces: [ '3.0.3' ],
21 silly audit   browserslist: [ '4.24.4' ],
21 silly audit   'buffer-equal-constant-time': [ '1.0.1' ],
21 silly audit   busboy: [ '1.6.0' ],
21 silly audit   'call-bind-apply-helpers': [ '1.0.2' ],
21 silly audit   'call-bound': [ '1.0.4' ],
21 silly audit   'camelcase-css': [ '2.0.1' ],
21 silly audit   'caniuse-lite': [ '1.0.30001715' ],
21 silly audit   chokidar: [ '3.6.0' ],
21 silly audit   'glob-parent': [ '5.1.2', '6.0.2' ],
21 silly audit   'class-variance-authority': [ '0.7.1' ],
21 silly audit   'client-only': [ '0.0.1' ],
21 silly audit   clsx: [ '2.1.1' ],
21 silly audit   cmdk: [ '1.0.4' ],
21 silly audit   color: [ '4.2.3' ],
21 silly audit   'color-convert': [ '2.0.1' ],
21 silly audit   'color-name': [ '1.1.4' ],
21 silly audit   'color-string': [ '1.9.1' ],
21 silly audit   'combined-stream': [ '1.0.8' ],
21 silly audit   commander: [ '4.1.1' ],
21 silly audit   'cross-spawn': [ '7.0.6' ],
21 silly audit   crypto: [ '1.0.1' ],
21 silly audit   cssesc: [ '3.0.0' ],
21 silly audit   csstype: [ '3.1.3' ],
21 silly audit   'd3-array': [ '3.2.4' ],
21 silly audit   'd3-color': [ '3.1.0' ],
21 silly audit   'd3-ease': [ '3.0.1' ],
21 silly audit   'd3-format': [ '3.1.0' ],
21 silly audit   'd3-interpolate': [ '3.0.1' ],
21 silly audit   'd3-path': [ '3.1.0' ],
21 silly audit   'd3-scale': [ '4.0.2' ],
21 silly audit   'd3-shape': [ '3.2.0' ],
21 silly audit   'd3-time': [ '3.1.0' ],
21 silly audit   'd3-time-format': [ '4.1.0' ],
21 silly audit   'd3-timer': [ '3.0.1' ],
21 silly audit   'date-fns': [ '3.6.0' ],
21 silly audit   dayjs: [ '1.11.13' ],
21 silly audit   debug: [ '4.4.0' ],
21 silly audit   'decimal.js-light': [ '2.5.1' ],
21 silly audit   'delayed-stream': [ '1.0.0' ],
21 silly audit   'detect-libc': [ '2.0.3' ],
21 silly audit   'detect-node-es': [ '1.1.0' ],
21 silly audit   didyoumean: [ '1.2.2' ],
21 silly audit   dlv: [ '1.1.3' ],
21 silly audit   'dom-helpers': [ '5.2.1' ],
21 silly audit   dotenv: [ '16.5.0' ],
21 silly audit   'dunder-proto': [ '1.0.1' ],
21 silly audit   eastasianwidth: [ '0.2.0' ],
21 silly audit   'ecdsa-sig-formatter': [ '1.0.11' ],
21 silly audit   'electron-to-chromium': [ '1.5.139' ],
21 silly audit   'embla-carousel': [ '8.5.1' ],
21 silly audit   'embla-carousel-react': [ '8.5.1' ],
21 silly audit   'embla-carousel-reactive-utils': [ '8.5.1' ],
21 silly audit   'emoji-regex': [ '9.2.2', '8.0.0' ],
21 silly audit   'es-define-property': [ '1.0.1' ],
21 silly audit   'es-errors': [ '1.3.0' ],
21 silly audit   'es-object-atoms': [ '1.1.1' ],
21 silly audit   'es-set-tostringtag': [ '2.1.0' ],
21 silly audit   esbuild: [ '0.25.2' ],
21 silly audit   'esbuild-register': [ '3.6.0' ],
21 silly audit   escalade: [ '3.2.0' ],
21 silly audit   eventemitter3: [ '4.0.7' ],
21 silly audit   'fast-equals': [ '5.2.2' ],
21 silly audit   'fast-glob': [ '3.3.3' ],
21 silly audit   fastq: [ '1.19.1' ],
21 silly audit   'fill-range': [ '7.1.1' ],
21 silly audit   'follow-redirects': [ '1.15.9' ],
21 silly audit   'foreground-child': [ '3.3.1' ],
21 silly audit   'form-data': [ '4.0.2' ],
21 silly audit   'fraction.js': [ '4.3.7' ],
21 silly audit   fsevents: [ '2.3.3' ],
21 silly audit   'function-bind': [ '1.1.2' ],
21 silly audit   'get-intrinsic': [ '1.3.0' ],
21 silly audit   'get-nonce': [ '1.0.1' ],
21 silly audit   'get-proto': [ '1.0.1' ],
21 silly audit   glob: [ '10.4.5' ],
21 silly audit   gopd: [ '1.2.0' ],
21 silly audit   'has-symbols': [ '1.1.0' ],
21 silly audit   'has-tostringtag': [ '1.0.2' ],
21 silly audit   hasown: [ '2.0.2' ],
21 silly audit   'https-proxy-agent': [ '5.0.1' ],
21 silly audit   immer: [ '10.1.1' ],
21 silly audit   'input-otp': [ '1.4.1' ],
21 silly audit   internmap: [ '2.0.3' ],
21 silly audit   'is-arrayish': [ '0.3.2' ],
21 silly audit   'is-binary-path': [ '2.1.0' ],
21 silly audit   'is-core-module': [ '2.16.1' ],
21 silly audit   'is-extglob': [ '2.1.1' ],
21 silly audit   'is-fullwidth-code-point': [ '3.0.0' ],
21 silly audit   'is-glob': [ '4.0.3' ],
21 silly audit   'is-number': [ '7.0.0' ],
21 silly audit   isexe: [ '2.0.0' ],
21 silly audit   jackspeak: [ '3.4.3' ],
21 silly audit   jiti: [ '1.21.7' ],
21 silly audit   jose: [ '6.0.10' ],
21 silly audit   'js-tokens': [ '4.0.0' ],
21 silly audit   jsonwebtoken: [ '9.0.2' ],
21 silly audit   jwa: [ '1.4.1' ],
21 silly audit   jws: [ '3.2.2' ],
21 silly audit   'jwt-decode': [ '4.0.0' ],
21 silly audit   lilconfig: [ '3.1.3' ],
21 silly audit   'lines-and-columns': [ '1.2.4' ],
21 silly audit   lodash: [ '4.17.21' ],
21 silly audit   'lodash.includes': [ '4.3.0' ],
21 silly audit   'lodash.isboolean': [ '3.0.3' ],
21 silly audit   'lodash.isinteger': [ '4.0.4' ],
21 silly audit   'lodash.isnumber': [ '3.0.3' ],
21 silly audit   'lodash.isplainobject': [ '4.0.6' ],
21 silly audit   'lodash.isstring': [ '4.0.1' ],
21 silly audit   'lodash.once': [ '4.1.1' ],
21 silly audit   'loose-envify': [ '1.4.0' ],
21 silly audit   'lru-cache': [ '10.4.3' ],
21 silly audit   'lucide-react': [ '0.454.0' ],
21 silly audit   'math-intrinsics': [ '1.1.0' ],
21 silly audit   merge2: [ '1.4.1' ],
21 silly audit   micromatch: [ '4.0.8' ],
21 silly audit   'mime-db': [ '1.52.0' ],
21 silly audit   'mime-types': [ '2.1.35' ],
21 silly audit   minimatch: [ '9.0.5' ],
21 silly audit   minipass: [ '7.1.2' ],
21 silly audit   ms: [ '2.1.3' ],
21 silly audit   mz: [ '2.7.0' ],
21 silly audit   nanoid: [ '3.3.11' ],
21 silly audit   next: [ '15.2.4' ],
21 silly audit   'next-themes': [ '0.4.6' ],
21 silly audit   postcss: [ '8.4.31', '8.5.3' ],
21 silly audit   'node-releases': [ '2.0.19' ],
21 silly audit   'normalize-path': [ '3.0.0' ],
21 silly audit   'normalize-range': [ '0.1.2' ],
21 silly audit   'object-assign': [ '4.1.1' ],
21 silly audit   'object-hash': [ '3.0.0' ],
21 silly audit   'object-inspect': [ '1.13.4' ],
21 silly audit   'package-json-from-dist': [ '1.0.1' ],
21 silly audit   'path-key': [ '3.1.1' ],
21 silly audit   'path-parse': [ '1.0.7' ],
21 silly audit   'path-scurry': [ '1.11.1' ],
21 silly audit   picocolors: [ '1.1.1' ],
21 silly audit   picomatch: [ '2.3.1' ],
21 silly audit   pify: [ '2.3.0' ],
21 silly audit   pirates: [ '4.0.7' ],
21 silly audit   'postcss-import': [ '15.1.0' ],
21 silly audit   'postcss-js': [ '4.0.1' ],
21 silly audit   'postcss-nested': [ '6.2.0' ],
21 silly audit   'postcss-selector-parser': [ '6.1.2' ],
21 silly audit   'postcss-value-parser': [ '4.2.0' ],
21 silly audit   prisma: [ '6.6.0' ],
21 silly audit   'prop-types': [ '15.8.1' ],
21 silly audit   'react-is': [ '16.13.1', '18.3.1' ],
21 silly audit   'proxy-from-env': [ '1.1.0' ],
21 silly audit   qs: [ '6.14.0' ],
21 silly audit   'queue-microtask': [ '1.2.3' ],
21 silly audit   razorpay: [ '2.9.6' ],
21 silly audit   react: [ '18.3.1' ],
21 silly audit   'react-day-picker': [ '8.10.1' ],
21 silly audit   'react-dom': [ '18.3.1' ],
21 silly audit   'react-hook-form': [ '7.56.0' ],
21 silly audit   'react-remove-scroll': [ '2.6.3' ],
21 silly audit   'react-remove-scroll-bar': [ '2.3.8' ],
21 silly audit   'react-resizable-panels': [ '2.1.8' ],
21 silly audit   'react-smooth': [ '4.0.4' ],
21 silly audit   'react-style-singleton': [ '2.2.3' ],
21 silly audit   'react-transition-group': [ '4.4.5' ],
21 silly audit   'read-cache': [ '1.0.0' ],
21 silly audit   readdirp: [ '3.6.0' ],
21 silly audit   recharts: [ '2.15.3' ],
21 silly audit   'recharts-scale': [ '0.4.5' ],
21 silly audit   'regenerator-runtime': [ '0.14.1' ],
21 silly audit   resolve: [ '1.22.10' ],
21 silly audit   reusify: [ '1.1.0' ],
21 silly audit   'run-parallel': [ '1.2.0' ],
21 silly audit   'safe-buffer': [ '5.2.1' ],
21 silly audit   scheduler: [ '0.23.2' ],
21 silly audit   scmp: [ '2.1.0' ],
21 silly audit   semver: [ '7.7.1' ],
21 silly audit   sharp: [ '0.33.5' ],
21 silly audit   'shebang-command': [ '2.0.0' ],
21 silly audit   'shebang-regex': [ '3.0.0' ],
21 silly audit   'side-channel': [ '1.1.0' ],
21 silly audit   'side-channel-list': [ '1.0.0' ],
21 silly audit   'side-channel-map': [ '1.0.1' ],
21 silly audit   'side-channel-weakmap': [ '1.0.2' ],
21 silly audit   'signal-exit': [ '4.1.0' ],
21 silly audit   'simple-swizzle': [ '0.2.2' ],
21 silly audit   sonner: [ '1.7.4' ],
21 silly audit   'source-map-js': [ '1.2.1' ],
21 silly audit   streamsearch: [ '1.1.0' ],
21 silly audit   'string-width': [ '5.1.2', '4.2.3' ],
21 silly audit   'strip-ansi': [ '6.0.1', '7.1.0' ],
21 silly audit   'styled-jsx': [ '5.1.6' ],
21 silly audit   sucrase: [ '3.35.0' ],
21 silly audit   'supports-preserve-symlinks-flag': [ '1.0.0' ],
21 silly audit   'tailwind-merge': [ '2.6.0' ],
21 silly audit   tailwindcss: [ '3.4.17' ],
21 silly audit   'tailwindcss-animate': [ '1.0.7' ],
21 silly audit   'postcss-load-config': [ '4.0.2' ],
21 silly audit   thenify: [ '3.3.1' ],
21 silly audit   'thenify-all': [ '1.6.0' ],
21 silly audit   'tiny-invariant': [ '1.3.3' ],
21 silly audit   'to-regex-range': [ '5.0.1' ],
21 silly audit   'ts-interface-checker': [ '0.1.13' ],
21 silly audit   tslib: [ '2.8.1' ],
21 silly audit   twilio: [ '5.5.2' ],
21 silly audit   typescript: [ '5.8.3' ],
21 silly audit   'undici-types': [ '6.21.0' ],
21 silly audit   'update-browserslist-db': [ '1.1.3' ],
21 silly audit   'use-callback-ref': [ '1.3.3' ],
21 silly audit   'use-sidecar': [ '1.1.3' ],
21 silly audit   'use-sync-external-store': [ '1.5.0' ],
21 silly audit   'util-deprecate': [ '1.0.2' ],
21 silly audit   vaul: [ '0.9.9' ],
21 silly audit   'victory-vendor': [ '36.9.2' ],
21 silly audit   which: [ '2.0.2' ],
21 silly audit   'wrap-ansi': [ '8.1.0', '7.0.0' ],
21 silly audit   xmlbuilder: [ '13.0.2' ],
21 silly audit   yaml: [ '2.7.1' ],
21 silly audit   zod: [ '3.24.3' ],
21 silly audit   zustand: [ '5.0.3' ],
21 silly audit   nodemailer: [ '6.10.1' ]
21 silly audit }
22 verbose reify failed optional dependency D:\ok practice stage 4\node_modules\fsevents
23 silly reify mark deleted [ 'D:\\ok practice stage 4\\node_modules\\fsevents' ]
24 verbose reify failed optional dependency D:\ok practice stage 4\node_modules\@next\swc-win32-arm64-msvc
25 silly reify mark deleted [
25 silly reify   'D:\\ok practice stage 4\\node_modules\\@next\\swc-win32-arm64-msvc'
25 silly reify ]
26 verbose reify failed optional dependency D:\ok practice stage 4\node_modules\@next\swc-linux-x64-musl
27 silly reify mark deleted [ 'D:\\ok practice stage 4\\node_modules\\@next\\swc-linux-x64-musl' ]
28 verbose reify failed optional dependency D:\ok practice stage 4\node_modules\@next\swc-linux-x64-gnu
29 silly reify mark deleted [ 'D:\\ok practice stage 4\\node_modules\\@next\\swc-linux-x64-gnu' ]
30 verbose reify failed optional dependency D:\ok practice stage 4\node_modules\@next\swc-linux-arm64-musl
31 silly reify mark deleted [
31 silly reify   'D:\\ok practice stage 4\\node_modules\\@next\\swc-linux-arm64-musl'
31 silly reify ]
32 verbose reify failed optional dependency D:\ok practice stage 4\node_modules\@next\swc-linux-arm64-gnu
33 silly reify mark deleted [ 'D:\\ok practice stage 4\\node_modules\\@next\\swc-linux-arm64-gnu' ]
34 verbose reify failed optional dependency D:\ok practice stage 4\node_modules\@next\swc-darwin-x64
35 silly reify mark deleted [ 'D:\\ok practice stage 4\\node_modules\\@next\\swc-darwin-x64' ]
36 verbose reify failed optional dependency D:\ok practice stage 4\node_modules\@next\swc-darwin-arm64
37 silly reify mark deleted [ 'D:\\ok practice stage 4\\node_modules\\@next\\swc-darwin-arm64' ]
38 verbose reify failed optional dependency D:\ok practice stage 4\node_modules\@img\sharp-win32-ia32
39 silly reify mark deleted [ 'D:\\ok practice stage 4\\node_modules\\@img\\sharp-win32-ia32' ]
40 verbose reify failed optional dependency D:\ok practice stage 4\node_modules\@img\sharp-wasm32
41 silly reify mark deleted [ 'D:\\ok practice stage 4\\node_modules\\@img\\sharp-wasm32' ]
42 verbose reify failed optional dependency D:\ok practice stage 4\node_modules\@emnapi\runtime
43 silly reify mark deleted [ 'D:\\ok practice stage 4\\node_modules\\@emnapi\\runtime' ]
44 verbose reify failed optional dependency D:\ok practice stage 4\node_modules\@img\sharp-linuxmusl-x64
45 silly reify mark deleted [ 'D:\\ok practice stage 4\\node_modules\\@img\\sharp-linuxmusl-x64' ]
46 verbose reify failed optional dependency D:\ok practice stage 4\node_modules\@img\sharp-linuxmusl-arm64
47 silly reify mark deleted [
47 silly reify   'D:\\ok practice stage 4\\node_modules\\@img\\sharp-linuxmusl-arm64'
47 silly reify ]
48 verbose reify failed optional dependency D:\ok practice stage 4\node_modules\@img\sharp-linux-x64
49 silly reify mark deleted [ 'D:\\ok practice stage 4\\node_modules\\@img\\sharp-linux-x64' ]
50 verbose reify failed optional dependency D:\ok practice stage 4\node_modules\@img\sharp-linux-s390x
51 silly reify mark deleted [ 'D:\\ok practice stage 4\\node_modules\\@img\\sharp-linux-s390x' ]
52 verbose reify failed optional dependency D:\ok practice stage 4\node_modules\@img\sharp-linux-arm64
53 silly reify mark deleted [ 'D:\\ok practice stage 4\\node_modules\\@img\\sharp-linux-arm64' ]
54 verbose reify failed optional dependency D:\ok practice stage 4\node_modules\@img\sharp-linux-arm
55 silly reify mark deleted [ 'D:\\ok practice stage 4\\node_modules\\@img\\sharp-linux-arm' ]
56 verbose reify failed optional dependency D:\ok practice stage 4\node_modules\@img\sharp-libvips-linuxmusl-x64
57 silly reify mark deleted [
57 silly reify   'D:\\ok practice stage 4\\node_modules\\@img\\sharp-libvips-linuxmusl-x64'
57 silly reify ]
58 verbose reify failed optional dependency D:\ok practice stage 4\node_modules\@img\sharp-libvips-linuxmusl-arm64
59 silly reify mark deleted [
59 silly reify   'D:\\ok practice stage 4\\node_modules\\@img\\sharp-libvips-linuxmusl-arm64'
59 silly reify ]
60 verbose reify failed optional dependency D:\ok practice stage 4\node_modules\@img\sharp-libvips-linux-x64
61 silly reify mark deleted [
61 silly reify   'D:\\ok practice stage 4\\node_modules\\@img\\sharp-libvips-linux-x64'
61 silly reify ]
62 verbose reify failed optional dependency D:\ok practice stage 4\node_modules\@img\sharp-libvips-linux-s390x
63 silly reify mark deleted [
63 silly reify   'D:\\ok practice stage 4\\node_modules\\@img\\sharp-libvips-linux-s390x'
63 silly reify ]
64 verbose reify failed optional dependency D:\ok practice stage 4\node_modules\@img\sharp-libvips-linux-arm64
65 silly reify mark deleted [
65 silly reify   'D:\\ok practice stage 4\\node_modules\\@img\\sharp-libvips-linux-arm64'
65 silly reify ]
66 verbose reify failed optional dependency D:\ok practice stage 4\node_modules\@img\sharp-libvips-linux-arm
67 silly reify mark deleted [
67 silly reify   'D:\\ok practice stage 4\\node_modules\\@img\\sharp-libvips-linux-arm'
67 silly reify ]
68 verbose reify failed optional dependency D:\ok practice stage 4\node_modules\@img\sharp-libvips-darwin-x64
69 silly reify mark deleted [
69 silly reify   'D:\\ok practice stage 4\\node_modules\\@img\\sharp-libvips-darwin-x64'
69 silly reify ]
70 verbose reify failed optional dependency D:\ok practice stage 4\node_modules\@img\sharp-libvips-darwin-arm64
71 silly reify mark deleted [
71 silly reify   'D:\\ok practice stage 4\\node_modules\\@img\\sharp-libvips-darwin-arm64'
71 silly reify ]
72 verbose reify failed optional dependency D:\ok practice stage 4\node_modules\@img\sharp-darwin-x64
73 silly reify mark deleted [ 'D:\\ok practice stage 4\\node_modules\\@img\\sharp-darwin-x64' ]
74 verbose reify failed optional dependency D:\ok practice stage 4\node_modules\@img\sharp-darwin-arm64
75 silly reify mark deleted [ 'D:\\ok practice stage 4\\node_modules\\@img\\sharp-darwin-arm64' ]
76 verbose reify failed optional dependency D:\ok practice stage 4\node_modules\@esbuild\win32-ia32
77 silly reify mark deleted [ 'D:\\ok practice stage 4\\node_modules\\@esbuild\\win32-ia32' ]
78 verbose reify failed optional dependency D:\ok practice stage 4\node_modules\@esbuild\win32-arm64
79 silly reify mark deleted [ 'D:\\ok practice stage 4\\node_modules\\@esbuild\\win32-arm64' ]
80 verbose reify failed optional dependency D:\ok practice stage 4\node_modules\@esbuild\sunos-x64
81 silly reify mark deleted [ 'D:\\ok practice stage 4\\node_modules\\@esbuild\\sunos-x64' ]
82 verbose reify failed optional dependency D:\ok practice stage 4\node_modules\@esbuild\openbsd-x64
83 silly reify mark deleted [ 'D:\\ok practice stage 4\\node_modules\\@esbuild\\openbsd-x64' ]
84 verbose reify failed optional dependency D:\ok practice stage 4\node_modules\@esbuild\openbsd-arm64
85 silly reify mark deleted [ 'D:\\ok practice stage 4\\node_modules\\@esbuild\\openbsd-arm64' ]
86 verbose reify failed optional dependency D:\ok practice stage 4\node_modules\@esbuild\netbsd-x64
87 silly reify mark deleted [ 'D:\\ok practice stage 4\\node_modules\\@esbuild\\netbsd-x64' ]
88 verbose reify failed optional dependency D:\ok practice stage 4\node_modules\@esbuild\netbsd-arm64
89 silly reify mark deleted [ 'D:\\ok practice stage 4\\node_modules\\@esbuild\\netbsd-arm64' ]
90 verbose reify failed optional dependency D:\ok practice stage 4\node_modules\@esbuild\linux-x64
91 silly reify mark deleted [ 'D:\\ok practice stage 4\\node_modules\\@esbuild\\linux-x64' ]
92 verbose reify failed optional dependency D:\ok practice stage 4\node_modules\@esbuild\linux-s390x
93 silly reify mark deleted [ 'D:\\ok practice stage 4\\node_modules\\@esbuild\\linux-s390x' ]
94 verbose reify failed optional dependency D:\ok practice stage 4\node_modules\@esbuild\linux-riscv64
95 silly reify mark deleted [ 'D:\\ok practice stage 4\\node_modules\\@esbuild\\linux-riscv64' ]
96 verbose reify failed optional dependency D:\ok practice stage 4\node_modules\@esbuild\linux-ppc64
97 silly reify mark deleted [ 'D:\\ok practice stage 4\\node_modules\\@esbuild\\linux-ppc64' ]
98 verbose reify failed optional dependency D:\ok practice stage 4\node_modules\@esbuild\linux-mips64el
99 silly reify mark deleted [ 'D:\\ok practice stage 4\\node_modules\\@esbuild\\linux-mips64el' ]
100 verbose reify failed optional dependency D:\ok practice stage 4\node_modules\@esbuild\linux-loong64
101 silly reify mark deleted [ 'D:\\ok practice stage 4\\node_modules\\@esbuild\\linux-loong64' ]
102 verbose reify failed optional dependency D:\ok practice stage 4\node_modules\@esbuild\linux-ia32
103 silly reify mark deleted [ 'D:\\ok practice stage 4\\node_modules\\@esbuild\\linux-ia32' ]
104 verbose reify failed optional dependency D:\ok practice stage 4\node_modules\@esbuild\linux-arm64
105 silly reify mark deleted [ 'D:\\ok practice stage 4\\node_modules\\@esbuild\\linux-arm64' ]
106 verbose reify failed optional dependency D:\ok practice stage 4\node_modules\@esbuild\linux-arm
107 silly reify mark deleted [ 'D:\\ok practice stage 4\\node_modules\\@esbuild\\linux-arm' ]
108 verbose reify failed optional dependency D:\ok practice stage 4\node_modules\@esbuild\freebsd-x64
109 silly reify mark deleted [ 'D:\\ok practice stage 4\\node_modules\\@esbuild\\freebsd-x64' ]
110 verbose reify failed optional dependency D:\ok practice stage 4\node_modules\@esbuild\freebsd-arm64
111 silly reify mark deleted [ 'D:\\ok practice stage 4\\node_modules\\@esbuild\\freebsd-arm64' ]
112 verbose reify failed optional dependency D:\ok practice stage 4\node_modules\@esbuild\darwin-x64
113 silly reify mark deleted [ 'D:\\ok practice stage 4\\node_modules\\@esbuild\\darwin-x64' ]
114 verbose reify failed optional dependency D:\ok practice stage 4\node_modules\@esbuild\darwin-arm64
115 silly reify mark deleted [ 'D:\\ok practice stage 4\\node_modules\\@esbuild\\darwin-arm64' ]
116 verbose reify failed optional dependency D:\ok practice stage 4\node_modules\@esbuild\android-x64
117 silly reify mark deleted [ 'D:\\ok practice stage 4\\node_modules\\@esbuild\\android-x64' ]
118 verbose reify failed optional dependency D:\ok practice stage 4\node_modules\@esbuild\android-arm64
119 silly reify mark deleted [ 'D:\\ok practice stage 4\\node_modules\\@esbuild\\android-arm64' ]
120 verbose reify failed optional dependency D:\ok practice stage 4\node_modules\@esbuild\android-arm
121 silly reify mark deleted [ 'D:\\ok practice stage 4\\node_modules\\@esbuild\\android-arm' ]
122 verbose reify failed optional dependency D:\ok practice stage 4\node_modules\@esbuild\aix-ppc64
123 silly reify mark deleted [ 'D:\\ok practice stage 4\\node_modules\\@esbuild\\aix-ppc64' ]
124 http cache @emnapi/runtime@https://registry.npmjs.org/@emnapi/runtime/-/runtime-1.4.3.tgz 4ms (cache hit)
125 http fetch POST 200 https://registry.npmjs.org/-/npm/v1/security/advisories/bulk 497ms
126 silly audit report {}
127 silly ADD
128 silly ADD
129 silly ADD
130 silly ADD
131 silly ADD
132 silly ADD
133 silly ADD
134 silly ADD
135 silly ADD
136 silly ADD
137 silly ADD
138 silly ADD
139 silly ADD
140 silly ADD
141 silly ADD
142 silly ADD
143 silly ADD
144 silly ADD
145 silly ADD
146 silly ADD
147 silly ADD
148 silly ADD
149 silly ADD
150 silly ADD
151 silly ADD
152 silly ADD
153 silly ADD
154 silly ADD
155 silly ADD
156 silly ADD
157 silly ADD
158 silly ADD
159 silly ADD
160 silly ADD
161 silly ADD
162 silly ADD
163 silly ADD
164 silly ADD
165 silly ADD
166 silly ADD
167 silly ADD
168 silly ADD
169 silly ADD
170 silly ADD
171 silly ADD
172 silly ADD
173 silly ADD
174 silly ADD
175 silly ADD
176 silly ADD
177 silly ADD
178 verbose cwd D:\ok practice stage 4
179 verbose os Windows_NT 10.0.26100
180 verbose node v22.14.0
181 verbose npm  v10.9.2
182 verbose exit 0
183 info ok
